make all --print-data-base --no-builtin-variables --no-builtin-rules --question
# GNU Make 4.2.1
# Built for x86_64-pc-linux-gnu
# Copyright (C) 1988-2016 Free Software Foundation, Inc.
# License GPLv3+: GNU GPL version 3 or later <http://gnu.org/licenses/gpl.html>
# This is free software: you are free to change and redistribute it.
# There is NO WARRANTY, to the extent permitted by law.

# Make data base, printed on Thu Jun 16 13:06:55 2022

# Variables

# automatic
<D = $(patsubst %/,%,$(dir $<))
# automatic
?F = $(notdir $?)
# environment
DESKTOP_SESSION = cinnamon
# default
.SHELLFLAGS := -c
# environment
XDG_SESSION_CLASS = user
# environment
XDG_SESSION_TYPE = x11
# environment
VSCODE_LOG_NATIVE = false
# environment
NVM_INC = /home/benazlay/.nvm/versions/node/v16.15.0/include/node
# automatic
?D = $(patsubst %/,%,$(dir $?))
# environment
GTK3_MODULES = xapp-gtk3-module
# automatic
@D = $(patsubst %/,%,$(dir $@))
# environment
XAUTHORITY = /home/benazlay/.Xauthority
# environment
GDMSESSION = cinnamon
# environment
XMODIFIERS = @im=ibus
# makefile
CURDIR := /home/benazlay/Documents/Blockzero/flash-docs
# makefile
SHELL = /bin/sh
# environment
GDM_LANG = en_US
# environment
VSCODE_NLS_CONFIG = {"locale":"en-us","availableLanguages":{},"_languagePackSupport":true}
# environment
_ = /usr/share/code/code
# environment
XDG_CONFIG_DIRS = /etc/xdg/xdg-cinnamon:/etc/xdg
# environment
GTK_OVERLAY_SCROLLING = 1
# makefile (from 'Makefile', line 1)
MAKEFILE_LIST :=  Makefile
# automatic
@F = $(notdir $@)
# environment
GIO_LAUNCHED_DESKTOP_FILE = /usr/share/applications/code.desktop
# 'override' directive
GNUMAKEFLAGS := 
# environment
MANDATORY_PATH = /usr/share/gconf/cinnamon.mandatory.path
# environment
XDG_DATA_DIRS = /usr/share/cinnamon:/usr/share/gnome:/home/benazlay/.local/share/flatpak/exports/share:/var/lib/flatpak/exports/share:/usr/local/share:/usr/share:/var/lib/snapd/desktop
# environment
DBUS_SESSION_BUS_ADDRESS = unix:path=/run/user/1000/bus
# environment
VSCODE_VERBOSE_LOGGING = true
# makefile (from 'Makefile', line 9)
BUILDDIR = build
# environment
CLUTTER_IM_MODULE = ibus
# environment
LESSOPEN = | /usr/bin/lesspipe %s
# environment
LC_NAME = fr_FR.UTF-8
# environment
VSCODE_CWD = /home/benazlay
# environment
XDG_SESSION_PATH = /org/freedesktop/DisplayManager/Session0
# default
MAKE_HOST := x86_64-pc-linux-gnu
# environment
PATH = /home/benazlay/.local/bin:/home/benazlay/.nvm/versions/node/v16.15.0/bin:/home/benazlay/.local/bin:/usr/local/sbin:/usr/local/bin:/usr/sbin:/usr/bin:/sbin:/bin:/usr/games:/usr/local/games:/snap/bin
# environment
GPG_AGENT_INFO = /run/user/1000/gnupg/S.gpg-agent:0:1
# environment
GJS_DEBUG_OUTPUT = stderr
# environment
SESSION_MANAGER = local/benazlay-UX410UAK:@/tmp/.ICE-unix/1234,unix/benazlay-UX410UAK:/tmp/.ICE-unix/1234
# environment
XDG_RUNTIME_DIR = /run/user/1000
# environment
NVM_BIN = /home/benazlay/.nvm/versions/node/v16.15.0/bin
# environment
VSCODE_LOG_STACK = false
# environment
ELECTRON_RUN_AS_NODE = 1
# default
.FEATURES := target-specific order-only second-expansion else-if shortest-stem undefine oneshell archives jobserver output-sync check-symlink load
# environment
XDG_GREETER_DATA_DIR = /var/lib/lightdm-data/benazlay
# environment
LS_COLORS = 
# environment
XDG_SESSION_DESKTOP = cinnamon
# environment
SSH_AUTH_SOCK = /run/user/1000/keyring/ssh
# environment
GIO_LAUNCHED_DESKTOP_FILE_PID = 5506
# automatic
%F = $(notdir $%)
# environment
DISPLAY = :0
# environment
GTK_IM_MODULE = ibus
# environment
VSCODE_PIPE_LOGGING = true
# environment
PWD = /home/benazlay/Documents/Blockzero/flash-docs
# environment
QT_QPA_PLATFORMTHEME = qt5ct
# default
.LOADED := 
# environment
XDG_SEAT = seat0
# environment
SSH_AGENT_PID = 1309
# environment
ORIGINAL_XDG_CURRENT_DESKTOP = X-Cinnamon
# environment
GTK_MODULES = gail:atk-bridge
# environment
VSCODE_AMD_ENTRYPOINT = vs/workbench/api/node/extensionHostProcess
# environment
HOME = /home/benazlay
# environment
LESSCLOSE = /usr/bin/lesspipe %s %s
# environment
VSCODE_CODE_CACHE_PATH = /home/benazlay/.config/Code/CachedData/30d9c6cd9483b2cc586687151bcbcd635f373630
# environment
LOGNAME = benazlay
# environment
APPLICATION_INSIGHTS_NO_DIAGNOSTIC_CHANNEL = 1
# environment
NVM_CD_FLAGS = 
# automatic
+F = $(notdir $+)
# environment
VSCODE_HANDLES_UNCAUGHT_ERRORS = true
# default
MAKE_VERSION := 4.2.1
# environment
GNOME_DESKTOP_SESSION_ID = this-is-deprecated
# automatic
^D = $(patsubst %/,%,$(dir $^))
# environment
XDG_VTNR = 7
# environment
MAKELEVEL := 0
# default
MAKE = $(MAKE_COMMAND)
# default
MAKECMDGOALS := all
# environment
QT_IM_MODULE = ibus
# environment
SHLVL = 0
# environment
VSCODE_IPC_HOOK_EXTHOST = /run/user/1000/vscode-ipc-43b8217b-c061-4067-9beb-c28d16993d9e.sock
# environment
XDG_SESSION_ID = c2
# environment
USER = benazlay
# environment
LC_MONETARY = fr_FR.UTF-8
# makefile
.DEFAULT_GOAL := help
# environment
XDG_CURRENT_DESKTOP = X-Cinnamon
# automatic
%D = $(patsubst %/,%,$(dir $%))
# makefile (from 'Makefile', line 6)
SPHINXOPTS = 
# environment
LC_TELEPHONE = fr_FR.UTF-8
# default
MAKE_COMMAND := make
# default
.VARIABLES := 
# automatic
*F = $(notdir $*)
# environment
LANGUAGE = en_US
# environment
XDG_SEAT_PATH = /org/freedesktop/DisplayManager/Seat0
# environment
VSCODE_IPC_HOOK = /run/user/1000/vscode-f81f42f4-1.68.1-main.sock
# makefile
MAKEFLAGS = pqrR
# environment
MFLAGS = -pqrR
# automatic
*D = $(patsubst %/,%,$(dir $*))
# environment
NVM_DIR = /home/benazlay/.nvm
# automatic
+D = $(patsubst %/,%,$(dir $+))
# makefile (from 'Makefile', line 7)
SPHINXBUILD = sphinx-build
# environment
GDK_BACKEND = x11
# environment
LC_PAPER = fr_FR.UTF-8
# environment
CINNAMON_VERSION = 5.2.7
# environment
QT_ACCESSIBILITY = 1
# environment
DEFAULTS_PATH = /usr/share/gconf/cinnamon.default.path
# default
MAKEFILES := 
# environment
LC_NUMERIC = fr_FR.UTF-8
# automatic
<F = $(notdir $<)
# environment
LC_MEASUREMENT = fr_FR.UTF-8
# environment
LC_ALL = C
# environment
QT4_IM_MODULE = ibus
# environment
GJS_DEBUG_TOPICS = JS ERROR;JS LOG
# automatic
^F = $(notdir $^)
# default
SUFFIXES := 
# environment
CHROME_DESKTOP = code-url-handler.desktop
# default
.INCLUDE_DIRS = /usr/include /usr/local/include /usr/include
# environment
LC_IDENTIFICATION = fr_FR.UTF-8
# default
.RECIPEPREFIX := 
# environment
LC_ADDRESS = fr_FR.UTF-8
# environment
LANG = C
# makefile (from 'Makefile', line 8)
SOURCEDIR = source
# environment
VSCODE_PID = 5506
# variable set hash-table stats:
# Load=122/1024=12%, Rehash=0, Collisions=13/157=8%

# Pattern-specific Variable Values

# No pattern-specific variable values.

# Directories

# . (device 2050, inode 30541954): 9 files, no impossibilities.

# 9 files, no impossibilities in 1 directories.

# Implicit Rules

%: Makefile
#  recipe to execute (from 'Makefile', line 20):
	@$(SPHINXBUILD) -M $@ "$(SOURCEDIR)" "$(BUILDDIR)" $(SPHINXOPTS) $(O)

# 1 implicit rules, 0 (0.0%) terminal.

# Files

all: Makefile
 
#  Command line target.
#  Implicit rule search has been done.
#  Implicit/static pattern stem: 'all'
#  File does not exist.
#  File has been updated.
#  Needs to be updated (-q is set).
# automatic
# @ := all
# automatic
# % := 
# automatic
# * := all
# automatic
# + := Makefile
# automatic
# | := 
# automatic
# < := Makefile
# automatic
# ^ := Makefile
# automatic
# ? := Makefile
# variable set hash-table stats:
# Load=8/32=25%, Rehash=0, Collisions=2/17=12%
#  recipe to execute (from 'Makefile', line 20):
	@$(SPHINXBUILD) -M $@ "$(SOURCEDIR)" "$(BUILDDIR)" $(SPHINXOPTS) $(O)

.PHONY: help Makefile
#  Implicit rule search has not been done.
#  Modification time never checked.
#  File has not been updated.

Makefile:
#  Phony target (prerequisite of .PHONY).
#  Implicit rule search has not been done.
#  File does not exist.
#  File has been updated.
#  Successfully updated.

help:
#  Phony target (prerequisite of .PHONY).
#  Implicit rule search has not been done.
#  File does not exist.
#  File has not been updated.
#  recipe to execute (from 'Makefile', line 13):
	@$(SPHINXBUILD) -M help "$(SOURCEDIR)" "$(BUILDDIR)" $(SPHINXOPTS) $(O)

# Not a target:
.DEFAULT:
#  Implicit rule search has not been done.
#  Modification time never checked.
#  File has not been updated.

# files hash-table stats:
# Load=6/1024=1%, Rehash=0, Collisions=0/21=0%
# VPATH Search Paths

# No 'vpath' search paths.

# No general ('VPATH' variable) search path.

# strcache buffers: 1 (0) / strings = 17 / storage = 129 B / avg = 7 B
# current buf: size = 8162 B / used = 129 B / count = 17 / avg = 7 B

# strcache performance: lookups = 29 / hit rate = 41%
# hash-table stats:
# Load=17/8192=0%, Rehash=0, Collisions=1/29=3%
# Finished Make data base on Thu Jun 16 13:06:55 2022

 
